<?xml version="1.0" encoding="UTF-8"?>
<!-- Generated by org.testng.reporters.JUnitReportReporter -->
<testsuite hostname="DESKTOP-SJ1N1UM" failures="0" tests="1" name="com.datadriven.testcases.BankManagerLoginTest" time="0.143" errors="0" timestamp="2022-11-14T21:49:36 IST" skipped="0">
  <testcase classname="com.datadriven.testcases.BankManagerLoginTest" name="loginAsBankManager" time="0.143"/>
  <system-out/>
</testsuite> <!-- com.datadriven.testcases.BankManagerLoginTest -->
